Backup started at Wed 09/03/2025 17:27:15.07 
pg_dump: last built-in OID is 16383
pg_dump: reading extensions
pg_dump: identifying extension members
pg_dump: reading schemas
pg_dump: reading user-defined tables
pg_dump: reading user-defined functions
pg_dump: reading user-defined types
pg_dump: reading procedural languages
pg_dump: reading user-defined aggregate functions
pg_dump: reading user-defined operators
pg_dump: reading user-defined access methods
pg_dump: reading user-defined operator classes
pg_dump: reading user-defined operator families
pg_dump: reading user-defined text search parsers
pg_dump: reading user-defined text search templates
pg_dump: reading user-defined text search dictionaries
pg_dump: reading user-defined text search configurations
pg_dump: reading user-defined foreign-data wrappers
pg_dump: reading user-defined foreign servers
pg_dump: reading default privileges
pg_dump: reading user-defined collations
pg_dump: reading user-defined conversions
pg_dump: reading type casts
pg_dump: reading transforms
pg_dump: reading table inheritance information
pg_dump: reading event triggers
pg_dump: finding extension tables
pg_dump: finding inheritance relationships
pg_dump: reading column info for interesting tables
pg_dump: finding table default expressions
pg_dump: finding table check constraints
pg_dump: flagging inherited columns in subtables
pg_dump: reading partitioning data
pg_dump: reading indexes
pg_dump: flagging indexes in partitioned tables
pg_dump: reading extended statistics
pg_dump: reading constraints
pg_dump: reading triggers
pg_dump: reading rewrite rules
pg_dump: reading policies
pg_dump: reading row-level security policies
pg_dump: reading publications
pg_dump: reading publication membership of tables
pg_dump: reading publication membership of schemas
pg_dump: reading subscriptions
pg_dump: reading large objects
pg_dump: reading dependency data
pg_dump: saving encoding = UTF8
pg_dump: saving standard_conforming_strings = on
pg_dump: saving search_path = 
pg_dump: saving database definition
pg_dump: dropping DATABASE travel agency - personnel
pg_dump: creating DATABASE "travel agency - personnel"
pg_dump: connecting to new database "travel agency - personnel"
pg_dump: creating TABLE "public.department"
pg_dump: creating SEQUENCE "public.department_department_id_seq"
pg_dump: creating SEQUENCE OWNED BY "public.department_department_id_seq"
pg_dump: creating TABLE "public.employee"
pg_dump: creating SEQUENCE "public.employee_employee_id_seq"
pg_dump: creating SEQUENCE OWNED BY "public.employee_employee_id_seq"
pg_dump: creating TABLE "public.employee_license"
pg_dump: creating SEQUENCE "public.employee_license_license_id_seq"
pg_dump: creating SEQUENCE OWNED BY "public.employee_license_license_id_seq"
pg_dump: creating TABLE "public.oncall_shift"
pg_dump: creating SEQUENCE "public.oncall_shift_shift_id_seq"
pg_dump: creating SEQUENCE OWNED BY "public.oncall_shift_shift_id_seq"
pg_dump: creating TABLE "public.payroll"
pg_dump: creating SEQUENCE "public.payroll_payroll_id_seq"
pg_dump: creating SEQUENCE OWNED BY "public.payroll_payroll_id_seq"
pg_dump: creating TABLE "public.position"
pg_dump: creating SEQUENCE "public.position_position_id_seq"
pg_dump: creating SEQUENCE OWNED BY "public.position_position_id_seq"
pg_dump: creating DEFAULT "public.department department_id"
pg_dump: creating DEFAULT "public.employee employee_id"
pg_dump: creating DEFAULT "public.employee_license license_id"
pg_dump: creating DEFAULT "public.oncall_shift shift_id"
pg_dump: creating DEFAULT "public.payroll payroll_id"
pg_dump: creating DEFAULT "public.position position_id"
pg_dump: processing data for table "public.department"
pg_dump: dumping contents of table "public.department"
pg_dump: processing data for table "public.employee"
pg_dump: dumping contents of table "public.employee"
pg_dump: processing data for table "public.employee_license"
pg_dump: dumping contents of table "public.employee_license"
pg_dump: processing data for table "public.oncall_shift"
pg_dump: dumping contents of table "public.oncall_shift"
pg_dump: processing data for table "public.payroll"
pg_dump: dumping contents of table "public.payroll"
pg_dump: processing data for table "public.position"
pg_dump: dumping contents of table "public.position"
pg_dump: executing SEQUENCE SET department_department_id_seq
pg_dump: executing SEQUENCE SET employee_employee_id_seq
pg_dump: executing SEQUENCE SET employee_license_license_id_seq
pg_dump: executing SEQUENCE SET oncall_shift_shift_id_seq
pg_dump: executing SEQUENCE SET payroll_payroll_id_seq
pg_dump: executing SEQUENCE SET position_position_id_seq
pg_dump: creating CONSTRAINT "public.department department_name_key"
pg_dump: creating CONSTRAINT "public.department department_pkey"
pg_dump: creating CONSTRAINT "public.employee employee_email_key"
pg_dump: creating CONSTRAINT "public.employee_license employee_license_pkey"
pg_dump: creating CONSTRAINT "public.employee employee_pkey"
pg_dump: creating CONSTRAINT "public.oncall_shift oncall_shift_pkey"
pg_dump: creating CONSTRAINT "public.payroll payroll_pkey"
pg_dump: creating CONSTRAINT "public.position position_pkey"
pg_dump: creating CONSTRAINT "public.position position_title_key"
pg_dump: creating FK CONSTRAINT "public.employee employee_department_id_fkey"
pg_dump: creating FK CONSTRAINT "public.employee_license employee_license_employee_id_fkey"
pg_dump: creating FK CONSTRAINT "public.employee employee_manager_id_fkey"
pg_dump: creating FK CONSTRAINT "public.employee employee_position_id_fkey"
pg_dump: creating FK CONSTRAINT "public.oncall_shift oncall_shift_employee_id_fkey"
pg_dump: creating FK CONSTRAINT "public.payroll payroll_employee_id_fkey"
pg_dump: creating FK CONSTRAINT "public.position position_department_id_fkey"
Elapsed Time: 1.8828036 seconds
Backup finished at Wed 09/03/2025 17:27:18.11 
