Backup started at Wed 09/03/2025 20:24:19.71 
Creating plain-text SQL backup... 
Backup completed successfully. 
Dropping all tables (drop schema public and recreate)... 
NOTICE:  drop cascades to 6 other objects
DETAIL:  drop cascades to table department
drop cascades to table employee
drop cascades to table employee_license
drop cascades to table oncall_shift
drop cascades to table payroll
drop cascades to table "position"
DROP SCHEMA
CREATE SCHEMA
Database cleared successfully. 
Restoring backup via psql -f "backupPSQL.sql"... 
SET
SET
SET
SET
SET
 set_config 
------------
 
(1 row)

SET
SET
SET
SET
ALTER SCHEMA
COMMENT
SET
SET
CREATE TABLE
ALTER TABLE
CREATE SEQUENCE
ALTER SEQUENCE
ALTER SEQUENCE
CREATE TABLE
ALTER TABLE
CREATE SEQUENCE
ALTER SEQUENCE
ALTER SEQUENCE
CREATE TABLE
ALTER TABLE
CREATE SEQUENCE
ALTER SEQUENCE
ALTER SEQUENCE
CREATE TABLE
ALTER TABLE
CREATE SEQUENCE
ALTER SEQUENCE
ALTER SEQUENCE
CREATE TABLE
ALTER TABLE
CREATE SEQUENCE
ALTER SEQUENCE
ALTER SEQUENCE
CREATE TABLE
ALTER TABLE
CREATE SEQUENCE
ALTER SEQUENCE
ALTER SEQUENCE
ALTER TABLE
ALTER TABLE
ALTER TABLE
ALTER TABLE
ALTER TABLE
ALTER TABLE
COPY 12
COPY 45000
COPY 8148
COPY 134882
COPY 67542
COPY 30
 setval 
--------
      1
(1 row)

 setval 
--------
      1
(1 row)

 setval 
--------
      1
(1 row)

 setval 
--------
      1
(1 row)

 setval 
--------
      1
(1 row)

 setval 
--------
      1
(1 row)

ALTER TABLE
ALTER TABLE
ALTER TABLE
ALTER TABLE
ALTER TABLE
ALTER TABLE
ALTER TABLE
ALTER TABLE
ALTER TABLE
ALTER TABLE
ALTER TABLE
ALTER TABLE
ALTER TABLE
ALTER TABLE
ALTER TABLE
ALTER TABLE
REVOKE
Restore completed successfully. 
Process completed at Wed 09/03/2025 20:24:34.21 
